<?xml version="1.0" encoding="UTF-8"?>
<!-- Generated by org.testng.reporters.JUnitReportReporter -->
<testsuite hostname="QXL08149315" failures="0" tests="1" name="apiTests.Bookerapipost2" time="3.272" errors="0" timestamp="2022-07-05T12:15:01 CDT" skipped="0">
  <testcase classname="apiTests.Bookerapipost2" name="postboking" time="3.272"/>
  <system-out/>
</testsuite> <!-- apiTests.Bookerapipost2 -->
