<?xml version="1.0" encoding="UTF-8"?>
<!-- Generated by org.testng.reporters.JUnitReportReporter -->
<testsuite hostname="QXL08149315" failures="0" tests="1" name="apiTests.Bookerapipost" time="1.983" errors="0" timestamp="2022-07-05T11:40:44 CDT" skipped="0">
  <testcase classname="apiTests.Bookerapipost" name="postboking" time="1.983"/>
  <system-out/>
</testsuite> <!-- apiTests.Bookerapipost -->
