<?xml version="1.0" encoding="UTF-8"?>
<!-- Generated by org.testng.reporters.JUnitReportReporter -->
<testsuite hostname="QXL08149315" failures="0" tests="1" name="bookerapi.Bookerapipost2" time="2.081" errors="0" timestamp="2022-07-05T10:48:54 CDT" skipped="0">
  <testcase classname="bookerapi.Bookerapipost2" name="postboking" time="2.081"/>
  <system-out/>
</testsuite> <!-- bookerapi.Bookerapipost2 -->
