<?xml version="1.0" encoding="UTF-8"?>
<!-- Generated by org.testng.reporters.JUnitReportReporter -->
<testsuite hostname="QXL08149315" failures="0" tests="1" name="bookerapi.Bookerget" time="2.002" errors="0" timestamp="2022-07-04T18:04:54 CDT" skipped="0">
  <testcase classname="bookerapi.Bookerget" name="getReq" time="2.002"/>
  <system-out/>
</testsuite> <!-- bookerapi.Bookerget -->
