<?xml version="1.0" encoding="UTF-8"?>
<!-- Generated by org.testng.reporters.JUnitReportReporter -->
<testsuite hostname="QXL08149315" failures="0" tests="1" name="bookerapi.Putrequest" time="1.853" errors="0" timestamp="2022-07-05T00:03:41 CDT" skipped="0">
  <testcase classname="bookerapi.Putrequest" name="pathPerimeter3" time="1.853"/>
  <system-out/>
</testsuite> <!-- bookerapi.Putrequest -->
