<?xml version="1.0" encoding="UTF-8"?>
<!-- Generated by org.testng.reporters.JUnitReportReporter -->
<testsuite hostname="QXL08149315" failures="0" tests="1" name="bookerapi.Bookerapipost" time="2.111" errors="0" timestamp="2022-07-04T18:04:31 CDT" skipped="0">
  <testcase classname="bookerapi.Bookerapipost" name="postboking" time="2.111"/>
  <system-out/>
</testsuite> <!-- bookerapi.Bookerapipost -->
