<?xml version="1.0" encoding="UTF-8"?>
<!-- Generated by org.testng.reporters.JUnitReportReporter -->
<testsuite hostname="QXL08149315" failures="0" tests="1" name="bookerapi.Pathparameter" time="1.931" errors="0" timestamp="2022-07-04T23:28:49 CDT" skipped="0">
  <testcase classname="bookerapi.Pathparameter" name="pathPerimeter2" time="1.931"/>
  <system-out/>
</testsuite> <!-- bookerapi.Pathparameter -->
